<?xml version="1.0" encoding="UTF-8"?>
<testng-results ignored="0" total="1" passed="1" failed="0" skipped="0">
  <reporter-output>
  </reporter-output>
  <suite started-at="2020-04-19T00:02:30Z" name="Default suite" finished-at="2020-04-19T00:02:35Z" duration-ms="5017">
    <groups>
    </groups>
    <test started-at="2020-04-19T00:02:30Z" name="Default test" finished-at="2020-04-19T00:02:35Z" duration-ms="5017">
      <class name="com.thiago.teste.guru.desafio2.GuruTestDesafio2">
        <test-method signature="dragAndDropTransaction()[pri:0, instance:com.thiago.teste.guru.desafio2.GuruTestDesafio2@70e3f36f]" started-at="2020-04-19T00:02:30Z" name="dragAndDropTransaction" finished-at="2020-04-19T00:02:34Z" duration-ms="4813" status="PASS">
          <reporter-output>
          </reporter-output>
        </test-method> <!-- dragAndDropTransaction -->
      </class> <!-- com.thiago.teste.guru.desafio2.GuruTestDesafio2 -->
    </test> <!-- Default test -->
  </suite> <!-- Default suite -->
</testng-results>
